<?xml version="1.0" encoding="UTF-8"?>
<!-- Generated by org.testng.reporters.JUnitXMLReporter -->
<testsuite ignored="0" hostname="DESKTOP-ML25M6U" failures="0" tests="1" name="Test" time="0.195" errors="0" timestamp="2021-04-27T12:08:21 IST">
  <testcase classname="com.qa.test.verification_Of_Product" name="@BeforeMethod setUp" time="0.086">
    <failure type="java.lang.IllegalStateException" message="The driver executable must exist: C:\Users\Akash\eclipse-workspace\.metadata\amazon.in\&amp;quot;C:\Users\Akash\Downloads\chromedriver_win32\chromedriver.exe&amp;quot;">
      <![CDATA[java.lang.IllegalStateException: The driver executable must exist: C:\Users\Akash\eclipse-workspace\.metadata\amazon.in\"C:\Users\Akash\Downloads\chromedriver_win32\chromedriver.exe"
at org.openqa.selenium.internal.Require$FileStateChecker.isFile(Require.java:289)
at org.openqa.selenium.remote.service.DriverService.checkExecutable(DriverService.java:154)
at org.openqa.selenium.remote.service.DriverService.findExecutable(DriverService.java:149)
at org.openqa.selenium.chrome.ChromeDriverService.access$000(ChromeDriverService.java:37)
at org.openqa.selenium.chrome.ChromeDriverService$Builder.findDefaultExecutable(ChromeDriverService.java:222)
at org.openqa.selenium.remote.service.DriverService$Builder.build(DriverService.java:405)
at org.openqa.selenium.chrome.ChromeDriverService.createDefaultService(ChromeDriverService.java:119)
at org.openqa.selenium.chrome.ChromeDriver.<init>(ChromeDriver.java:105)
at com.qa.base.Baseclass.browserOpen(Baseclass.java:18)
at com.qa.test.verification_Of_Product.setUp(verification_Of_Product.java:23)
at java.base/java.util.ArrayList.forEach(ArrayList.java:1511)
... Removed 31 stack frames]]>
    </failure>
  </testcase> <!-- @BeforeMethod setUp -->
  <testcase classname="com.qa.test.verification_Of_Product" name="@AfterMethod tearDown" time="-1.619505501518E9">
    <skipped/>
  </testcase> <!-- @AfterMethod tearDown -->
  <testcase classname="com.qa.test.verification_Of_Product" name="getProductInfo" time="0.0">
    <skipped/>
  </testcase> <!-- getProductInfo -->
</testsuite> <!-- Test -->
